0000000000000000 0000000000000401 b __fixedpath
0000000000000000 A __start__
0000000000000000 T _start
0000000000000000 b _TLS_MODULE_BASE_
0000000000000080 t startup
00000000000000b0 t bss_loop
0000000000000104 T __nx_exit
0000000000000118 T _init
0000000000000180 000000000000005c T main
00000000000001e0 t deregister_tm_clones
0000000000000210 t register_tm_clones
0000000000000248 t __do_global_dtors_aux
0000000000000290 t frame_dummy
00000000000002d0 0000000000000294 T consoleDrawChar
0000000000000408 0000000000002000 b tmp_buffer.6653
0000000000000570 0000000000000164 T consolePrintChar
00000000000006e0 0000000000000170 t consoleClearLine
0000000000000850 00000000000001c4 t newRow
0000000000000a20 000000000000018c t consoleCls
0000000000000bb0 00000000000000f8 T consoleInit
0000000000000cb0 0000000000000854 t con_write
0000000000001510 0000000000000034 t ipcCloseObjectById
0000000000001550 0000000000000124 t _appletGetHandle
0000000000001680 00000000000000e0 t _appletGetOperationMode.constprop.13
0000000000001760 00000000000000e0 t _appletGetCurrentFocusState.constprop.15
0000000000001840 00000000000000ec t _appletReceiveMessage
0000000000001930 00000000000000e0 t _appletGetPerformanceMode.constprop.14
0000000000001a10 00000000000000cc t _appletAcquireForegroundRights
0000000000001ae0 00000000000000d4 t _appletSetOperationModeChangedNotification.constprop.16
0000000000001bc0 00000000000000d4 t _appletSetPerformanceModeChangedNotification.constprop.17
0000000000001ca0 00000000000000d0 t _appletSetOutOfFocusSuspendingEnabled
0000000000001d70 00000000000000d8 t _appletSetFocusHandlingMode
0000000000001e50 00000000000000e0 t _appletGetAppletResourceUserId.constprop.11
0000000000001f30 000000000000013c t _appletGetSessionProxy.constprop.10
0000000000002070 000000000000048c T appletExit
0000000000002408 0000000000002000 b tmp_buffer.6677
0000000000002500 0000000000000028 T appletHook
0000000000002530 0000000000000034 T appletUnhook
0000000000002570 0000000000000028 T appletGetAppletResourceUserId
00000000000025a0 0000000000000120 T appletNotifyRunning
00000000000026c0 00000000000004dc T appletInitialize
0000000000002ba0 00000000000000ec T appletCreateManagedDisplayLayer
0000000000002c90 000000000000000c T appletGetOperationMode
0000000000002ca0 0000000000000144 T appletMainLoop
0000000000002df0 0000000000000034 t ipcCloseObjectById
0000000000002e30 0000000000000124 t _hidGetSharedMemoryHandle.constprop.8
0000000000002f60 0000000000000134 t _hidCreateAppletResource.constprop.7
00000000000030a0 00000000000001b0 T hidReset
0000000000003250 000000000000000c T hidGetSharedmemAddr
0000000000003260 000000000000006c T hidKeysDown
00000000000032d0 000000000000000c T hidTouchCount
00000000000032e0 000000000000049c T hidScanInput
0000000000003780 0000000000000108 T hidSetNpadJoyAssignmentModeDual
0000000000003890 0000000000000120 T hidExit
00000000000039b0 00000000000000ec T hidInitialize
0000000000003aa0 0000000000000044 T smAddOverrideHandle
0000000000003af0 0000000000000060 T smGetServiceOverride
0000000000003b50 0000000000000014 T smHasInitialized
0000000000003b70 0000000000000048 T smExit
0000000000003bc0 0000000000000038 T smEncodeName
0000000000003c00 000000000000012c T smGetServiceOriginal
0000000000003d30 0000000000000158 T smInitialize
0000000000003e90 0000000000000074 T smGetService
0000000000003f10 0000000000000034 t ipcCloseObjectById
0000000000003f50 0000000000000124 t _apmGetSession.constprop.4
0000000000004080 00000000000000f0 T apmExit
0000000000004170 000000000000008c T apmInitialize
0000000000004200 00000000000000cc T apmSetPerformanceConfiguration
00000000000042d0 00000000000000c0 T fatalSimple
0000000000004390 00000000000000c8 t _gfxDequeueBuffer.part.0
0000000000004460 0000000000000038 t _gfxQueueBuffer.part.1
00000000000044a0 00000000000000e8 T gfxConfigureCrop
0000000000004590 0000000000000014 T gfxConfigureResolution
00000000000045b0 0000000000000060 t _gfxAutoResolutionAppletHook
0000000000004610 000000000000011c T gfxConfigureAutoResolution
0000000000004730 0000000000000178 T gfxExit
00000000000048b0 0000000000000054 T _gfxGraphicBufferInit
0000000000004910 0000000000000080 T gfxWaitForVsync
0000000000004990 0000000000000588 T gfxInitDefault
0000000000004f20 000000000000005c T gfxSwapBuffers
0000000000004f80 0000000000000068 T gfxGetFramebuffer
0000000000004ff0 000000000000000c T gfxSetMode
0000000000005000 0000000000000144 T gfxFlushBuffers
0000000000005150 000000000000003c t nvmapobjClose
0000000000005190 000000000000006c t nvmapobjInitialize.part.0
0000000000005200 0000000000000070 t nvmapobjSetup.constprop.2
0000000000005270 0000000000000bd8 T nvgfxInitialize
0000000000005e50 0000000000000128 T nvgfxExit
0000000000005f80 0000000000000068 T nvgfxEventWait
0000000000005ff0 000000000000003c T nvgfxGetFramebuffer
0000000000006030 0000000000000024 T nvioctlChannel_SetNvmapFd
0000000000006060 0000000000000030 T nvioctlChannel_AllocObjCtx
0000000000006090 0000000000000028 T nvioctlChannel_ZCullBind
00000000000060c0 0000000000000028 T nvioctlChannel_SetErrorNotifier
00000000000060f0 0000000000000024 T nvioctlChannel_SetPriority
0000000000006120 0000000000000054 T nvioctlChannel_AllocGpfifoEx2
0000000000006180 0000000000000024 T nvioctlChannel_SetUserData
00000000000061b0 0000000000000040 T nvioctlNvhostCtrl_EventWait
00000000000061f0 000000000000003c T nvioctlNvhostCtrlGpu_ZCullGetCtxSize
0000000000006230 0000000000000060 T nvioctlNvhostCtrlGpu_ZCullGetInfo
0000000000006290 000000000000009c T nvioctlNvhostCtrlGpu_GetCharacteristics
0000000000006330 000000000000005c T nvioctlNvhostCtrlGpu_GetTpcMasks
0000000000006390 000000000000003c T nvioctlNvhostCtrlGpu_GetL2State
00000000000063d0 0000000000000024 T nvioctlNvhostAsGpu_BindChannel
0000000000006400 0000000000000044 T nvioctlNvhostAsGpu_AllocSpace
0000000000006450 0000000000000050 T nvioctlNvhostAsGpu_MapBufferEx
00000000000064a0 0000000000000070 T nvioctlNvhostAsGpu_GetVARegions
0000000000006510 000000000000003c T nvioctlNvhostAsGpu_InitializeEx
0000000000006550 000000000000003c T nvioctlNvmap_Create
0000000000006590 000000000000003c T nvioctlNvmap_FromId
00000000000065d0 0000000000000030 T nvioctlNvmap_Alloc
0000000000006600 000000000000003c T nvioctlNvmap_GetId
000000000000663c T armDCacheFlush
0000000000006660 t armDCacheFlush_L0
0000000000006678 T svcSetHeapSize
000000000000668c T svcUnmapMemory
0000000000006694 T svcQueryMemory
00000000000066a8 T svcExitProcess
00000000000066b0 T svcSleepThread
00000000000066b8 T svcMapSharedMemory
00000000000066c0 T svcUnmapSharedMemory
00000000000066c8 T svcCreateTransferMemory
00000000000066dc T svcCloseHandle
00000000000066e4 T svcResetSignal
00000000000066ec T svcWaitSynchronization
0000000000006700 T svcArbitrateLock
0000000000006708 T svcArbitrateUnlock
0000000000006710 T svcGetSystemTick
0000000000006718 T svcConnectToNamedPort
000000000000672c T svcSendSyncRequest
0000000000006734 T svcBreak
000000000000673c T svcGetInfo
0000000000006750 T svcUnmapTransferMemory
0000000000006760 00000000000000a0 T __nx_dynamic
0000000000006800 00000000000000d8 W __libnx_initheap
00000000000068e0 0000000000000074 W __appInit
0000000000006960 0000000000000024 W __appExit
0000000000006990 0000000000000028 W __libnx_init
00000000000069c0 0000000000000020 W __libnx_exit
00000000000069e0 00000000000001b0 T envSetup
0000000000006b90 0000000000000020 T envGetMainThreadHandle
0000000000006bb0 000000000000000c T envIsNso
0000000000006bc0 0000000000000014 T envHasHeapOverride
0000000000006be0 000000000000000c T envGetHeapOverrideAddr
0000000000006bf0 000000000000000c T envGetHeapOverrideSize
0000000000006c00 0000000000000014 T envHasArgv
0000000000006c20 000000000000000c T envGetArgv
0000000000006c30 000000000000000c T envGetExitFuncPtr
0000000000006c40 0000000000000008 t mutexInit
0000000000006c50 000000000000000c t rmutexInit
0000000000006c60 0000000000000080 T __libnx_gtod
0000000000006ce0 0000000000000034 t __libnx_get_reent
0000000000006d20 00000000000000ec T newlibSetup
0000000000006e10 0000000000000368 T argvSetup
0000000000007180 0000000000000140 t _CacheValues
00000000000072c0 000000000000001c T kernelAbove200
00000000000072e0 000000000000001c T kernelAbove300
0000000000007300 0000000000000030 T detectDebugger
0000000000007330 0000000000000014 T shmemLoadRemote
0000000000007350 0000000000000084 T shmemMap
00000000000073e0 0000000000000058 T shmemUnmap
0000000000007440 0000000000000044 T shmemClose
0000000000007490 000000000000004c T rwlockReadLock
00000000000074e0 000000000000004c T rwlockReadUnlock
0000000000007530 0000000000000008 T rwlockWriteLock
0000000000007540 0000000000000008 T rwlockWriteUnlock
0000000000007550 0000000000000094 T mutexLock
00000000000075f0 0000000000000024 T mutexUnlock
0000000000007620 000000000000004c T rmutexLock
0000000000007670 000000000000001c T rmutexUnlock
0000000000007690 000000000000007c t _GetRegionFromInfo.isra.1
0000000000007710 00000000000000e4 T virtmemSetup
0000000000007800 000000000000013c T virtmemReserve
0000000000007940 0000000000000004 T virtmemFree
0000000000007950 0000000000000010 t fsdev_link
0000000000007960 0000000000000010 t fsdev_dirreset
0000000000007970 0000000000000010 t fsdev_chmod
0000000000007980 000000000000001c t error_cmp
00000000000079a0 0000000000000058 t fsdev_translate_error
0000000000007a00 0000000000000040 t fsdev_fsync
0000000000007a40 0000000000000060 t fsdev_ftruncate
0000000000007aa0 0000000000000020 t fsdev_dirclose
0000000000007ac0 000000000000016c t fsdev_dirnext
0000000000007c30 000000000000001c t fsdev_close
0000000000007c50 0000000000000080 t fsdev_fstat
0000000000007cd0 00000000000000b0 t fsdev_seek
0000000000007d80 0000000000000198 t fsdev_read
0000000000007f20 00000000000001a0 t fsdev_write
00000000000080c0 0000000000000118 t fsdevFindDevice
00000000000081e0 0000000000000168 t _fsdevMountDevice
0000000000008350 00000000000001fc t fsdev_getfspath
0000000000008550 0000000000000070 t fsdev_rmdir
00000000000085c0 00000000000000d4 t fsdev_statvfs
00000000000086a0 00000000000000ec t fsdev_diropen
0000000000008790 0000000000000070 t fsdev_mkdir
0000000000008800 0000000000000114 t fsdev_rename
0000000000008920 00000000000000c4 t fsdev_chdir
00000000000089f0 0000000000000070 t fsdev_unlink
0000000000008a60 0000000000000168 t fsdev_stat
0000000000008bd0 0000000000000180 t fsdev_open
0000000000008d50 00000000000000b8 t _fsdevUnmountDeviceStruct.part.4
0000000000008e10 0000000000000010 t fsdev_fchmod
0000000000008e20 0000000000000158 T fsdevMountSdmc
0000000000008f80 0000000000000064 T fsdevUnmountAll
0000000000008ff0 0000000000000034 t ipcCloseObjectById
0000000000009030 000000000000012c t _timeGetSession
0000000000009160 00000000000001ec T timeExit
0000000000009350 00000000000000d8 T timeInitialize
0000000000009430 0000000000000124 T timeGetCurrentTime
0000000000009560 0000000000000034 t ipcCloseObjectById
00000000000095a0 0000000000000130 t _viCreatestray_layer.isra.4
00000000000096d0 0000000000000134 t _viGetSession.constprop.6
0000000000009810 0000000000000140 t _viOpenLayer
0000000000009950 00000000000001d8 T viExit
0000000000009b30 000000000000026c T viInitialize
0000000000009da0 000000000000000c T viGetSession_IHOSBinderDriverRelay
0000000000009db0 0000000000000140 T viOpenDisplay
0000000000009ef0 00000000000000f0 T viCloseDisplay
0000000000009fe0 00000000000000d0 T viOpenLayer
000000000000a0b0 0000000000000100 T viCloseLayer
000000000000a1b0 00000000000000e8 T viSetLayerScalingMode
000000000000a2a0 000000000000012c T viGetDisplayVsyncEvent
000000000000a3d0 0000000000000034 t ipcCloseObjectById
000000000000a410 00000000000000c8 t ipcQueryPointerBufferSize.constprop.6
000000000000a4e0 00000000000000d8 t _nvSetClientPID
000000000000a5c0 00000000000000f0 t _nvInitialize.constprop.5
000000000000a6b0 00000000000000a8 T nvExit
000000000000a760 00000000000001a4 T nvInitialize
000000000000a910 000000000000012c T nvConvertError
000000000000aa40 000000000000012c T nvOpen
000000000000ab70 0000000000000218 T nvIoctl
000000000000ad90 00000000000000dc T nvClose
000000000000ae70 000000000000013c T nvQueryEvent
000000000000afb0 0000000000000034 t ipcCloseObjectById
000000000000aff0 0000000000000124 T fsInitialize
000000000000b120 000000000000009c T fsExit
000000000000b1c0 0000000000000134 T fsMountSdcard
000000000000b300 00000000000000f4 T fsFsCreateFile
000000000000b400 00000000000000f0 T fsFsDeleteFile
000000000000b4f0 00000000000000f0 T fsFsCreateDirectory
000000000000b5e0 00000000000000f0 T fsFsDeleteDirectory
000000000000b6d0 000000000000011c T fsFsRenameFile
000000000000b7f0 000000000000011c T fsFsRenameDirectory
000000000000b910 0000000000000104 T fsFsGetEntryType
000000000000ba20 0000000000000154 T fsFsOpenFile
000000000000bb80 000000000000014c T fsFsOpenDirectory
000000000000bcd0 0000000000000104 T fsFsGetFreeSpace
000000000000bde0 0000000000000104 T fsFsGetTotalSpace
000000000000bef0 000000000000006c T fsFsClose
000000000000bf60 0000000000000108 T fsFileRead
000000000000c070 00000000000000f8 T fsFileWrite
000000000000c170 00000000000000c8 T fsFileFlush
000000000000c240 00000000000000c8 T fsFileSetSize
000000000000c310 00000000000000ec T fsFileGetSize
000000000000c400 000000000000006c T fsFileClose
000000000000c470 000000000000006c T fsDirClose
000000000000c4e0 0000000000000110 T fsDirRead
000000000000c5f0 0000000000000010 T bufferProducerInitialize
000000000000c600 000000000000000c T bufferProducerExit
000000000000c610 000000000000011c T bufferProducerRequestBuffer
000000000000c730 0000000000000198 T bufferProducerDequeueBuffer
000000000000c8d0 0000000000000094 T bufferProducerDetachBuffer
000000000000c970 0000000000000108 T bufferProducerQueueBuffer
000000000000ca80 00000000000000dc T bufferProducerQuery
000000000000cb60 0000000000000110 T bufferProducerConnect
000000000000cc70 0000000000000094 T bufferProducerDisconnect
000000000000cd10 0000000000000100 T bufferProducerGraphicBufferInit
000000000000ce10 0000000000000248 t _binderTransactParcelAuto
000000000000d060 00000000000000c8 t ipcQueryPointerBufferSize
000000000000d130 0000000000000138 t _binderTransactParcel
000000000000d270 0000000000000018 T binderCreateSession
000000000000d290 0000000000000010 T binderTransactParcel
000000000000d2a0 00000000000000e4 T binderAdjustRefcount
000000000000d390 0000000000000068 T binderExitSession
000000000000d400 000000000000013c T binderGetNativeHandle
000000000000d540 0000000000000120 T binderInitSession
000000000000d660 0000000000000028 T parcelInitialize
000000000000d690 0000000000000190 T parcelTransact
000000000000d820 0000000000000088 T parcelWriteData
000000000000d8b0 0000000000000098 T parcelReadData
000000000000d950 0000000000000020 T parcelWriteInt32
000000000000d970 0000000000000020 T parcelWriteUInt32
000000000000d990 0000000000000080 T parcelWriteString16
000000000000da10 0000000000000030 T parcelWriteInterfaceToken
000000000000da40 0000000000000024 T parcelReadInt32
000000000000da70 0000000000000068 T parcelReadFlattenedObject
000000000000dae0 0000000000000044 T parcelWriteFlattenedObject
000000000000db30 000000000000012c T decode_utf8
000000000000dc5c T __aarch64_read_tp
000000000000dc70 00000000000000c4 T nxlinkSetup
000000000000dd40 000000000000007c T tmemCreate
000000000000ddc0 0000000000000058 T tmemUnmap
000000000000de20 0000000000000068 T tmemClose
000000000000de88 00000000000000b8 T bsearch
000000000000df40 0000000000000044 T __libc_fini_array
000000000000df88 000000000000008c T __libc_init_array
000000000000e018 000000000000002c T __locale_mb_cur_max
000000000000e048 0000000000000008 T __locale_ctype_ptr_l
000000000000e050 000000000000002c T __locale_ctype_ptr
000000000000e080 0000000000000030 T memalign
000000000000e0b0 0000000000000198 T _memalign_r
000000000000e248 000000000000001c T malloc
000000000000e268 000000000000001c T free
000000000000e288 0000000000000844 T _malloc_r
000000000000ead0 00000000000002c8 T __utf8_mbtowc
000000000000ed98 00000000000000d8 T memchr
000000000000ee80 000000000000016c T memcpy
000000000000f000 00000000000001d8 T memset
000000000000f1d8 000000000000000c T __malloc_lock
000000000000f1e8 000000000000000c T __malloc_unlock
000000000000f1f8 000000000000008c T printf
000000000000f288 000000000000025c T setvbuf
000000000000f4e8 00000000000000bc T sscanf
000000000000f5a8 0000000000000050 T __sread
000000000000f5f8 0000000000000008 T __seofread
000000000000f600 000000000000006c T __swrite
000000000000f670 0000000000000050 T __sseek
000000000000f6c0 0000000000000008 T __sclose
000000000000f6c8 00000000000000dc T strchr
000000000000f7c0 00000000000000a4 T strcmp
000000000000f880 0000000000000140 T strlen
000000000000f9c0 0000000000000084 T strncat
000000000000fa9c 0000000000000108 T strncmp
000000000000fba8 00000000000000a8 T strncpy
000000000000fca4 00000000000000e0 T strnlen
000000000000fd60 00000000000001d0 t _strtol_l.isra.0
000000000000ff30 0000000000000048 T _strtol_r
000000000000ff78 00000000000001e0 t _strtoul_l.isra.0
0000000000010158 0000000000000048 T _strtoul_r
00000000000101a0 000000000000005c T strtoul
00000000000101fc 000000000000005c t get_arg
0000000000010258 0000000000002f48 T __ssvfscanf_r
00000000000131a0 000000000000003c T __sprint_r
00000000000131dc 000000000000076c t get_arg
0000000000013948 0000000000003bfc T _vfprintf_r
0000000000017544 00000000000000ec t __sbprintf
0000000000017630 00000000000000d0 T _wcrtomb_r
0000000000017700 0000000000000010 T _wcsrtombs_r
0000000000017710 00000000000000e4 T __utf8_wctomb
00000000000177f8 0000000000000140 T __swsetup_r
0000000000017938 00000000000001a8 t quorem
0000000000017ae0 00000000000010dc T _dtoa_r
0000000000018bc0 0000000000000214 T __sflush_r
0000000000018dd8 00000000000000b8 T _fflush_r
0000000000018e90 0000000000000078 t std
0000000000018f08 000000000000000c T _cleanup_r
0000000000018f18 000000000000000c T __sfp_lock_acquire
0000000000018f28 000000000000000c T __sfp_lock_release
0000000000018f38 000000000000000c T __sinit_lock_acquire
0000000000018f48 000000000000000c T __sinit_lock_release
0000000000018f58 0000000000000080 T __sinit
0000000000018fd8 0000000000000118 T _malloc_trim_r
00000000000190f0 00000000000002f4 T _free_r
00000000000193e8 00000000000004b8 T __sfvwrite_r
00000000000198a0 00000000000000bc T _fwalk_reent
0000000000019960 0000000000000084 T iswspace
00000000000199e8 0000000000000244 t __jp2uc
0000000000019c30 00000000000000d0 T _jp2uc
0000000000019d00 0000000000000008 T __localeconv_l
0000000000019d08 0000000000000028 T _localeconv_r
0000000000019d30 00000000000000a4 T __swhatbuf_r
0000000000019dd8 000000000000010c T __smakebuf_r
0000000000019ee8 00000000000000d8 T _mbrtowc_r
0000000000019fc0 00000000000000ac T memmove
000000000001a070 0000000000000090 T _Balloc
000000000001a100 000000000000001c T _Bfree
000000000001a120 00000000000000e8 T __multadd
000000000001a208 0000000000000120 T __s2b
000000000001a328 000000000000005c T __hi0bits
000000000001a388 00000000000000a0 T __lo0bits
000000000001a428 000000000000002c T __i2b
000000000001a458 00000000000001c8 T __multiply
000000000001a620 0000000000000104 T __pow5mult
000000000001a728 0000000000000134 T __lshift
000000000001a860 0000000000000050 T __mcmp
000000000001a8b0 000000000000014c T __mdiff
000000000001aa00 0000000000000068 T __ulp
000000000001aa68 0000000000000150 T __b2d
000000000001abb8 0000000000000138 T __d2b
000000000001acf0 00000000000000a0 T __ratio
000000000001ad90 0000000000000068 T __copybits
000000000001adf8 0000000000000084 T __any_on
000000000001ae80 0000000000000030 T realloc
000000000001aeb0 000000000000056c T _realloc_r
000000000001b420 00000000000000bc T __sccl
000000000001b4e0 000000000000000c T nanf
000000000001b4f0 000000000000007c T frexp
000000000001b570 00000000000000a8 T sprintf
000000000001b618 00000000000000c8 T stpncpy
000000000001b6e0 0000000000000054 t sulp
000000000001b738 00000000000010f0 T _strtod_l
000000000001c828 0000000000000040 T _strtod_r
000000000001c868 00000000000001d0 t _strtoll_l.isra.0
000000000001ca38 0000000000000048 T _strtoll_r
000000000001ca80 00000000000001e0 t _strtoull_l.isra.0
000000000001cc60 0000000000000048 T _strtoull_r
000000000001cca8 00000000000001c0 T __ssprint_r
000000000001ce68 00000000000000f4 T _sungetc_r
000000000001cf5c 0000000000000070 T __ssrefill_r
000000000001cfcc 00000000000000e0 T _sfread_r
000000000001d0ac 000000000000076c t get_arg
000000000001d818 0000000000003b44 T _svfprintf_r
0000000000021360 00000000000000c8 T __submore
0000000000021428 00000000000001dc T _wcsnrtombs_l
0000000000021608 0000000000000054 T _wcsnrtombs_r
0000000000021660 0000000000000094 T _calloc_r
00000000000216f8 000000000000015c T _fclose_r
0000000000021858 0000000000000114 t rshift
0000000000021970 00000000000007e8 T __gethex
0000000000022158 0000000000000048 T __match
00000000000221a0 000000000000022c T __hexnan
00000000000223d0 0000000000000008 t null_write
00000000000223d8 0000000000000018 T setDefaultDevice
00000000000223f0 00000000000000f8 T FindDevice
00000000000224e8 0000000000000034 T RemoveDevice
0000000000022520 00000000000000d8 T AddDevice
00000000000225f8 00000000000000a8 T _close_r
00000000000226a0 0000000000000080 T _fstat_r
0000000000022720 0000000000000008 T _isatty_r
0000000000022728 0000000000000094 T _lseek_r
00000000000227c0 00000000000000a4 T _read_r
0000000000022868 0000000000000078 T _sbrk_r
00000000000228e0 00000000000000a4 T _write_r
0000000000022988 0000000000000224 T _concatenate_path
0000000000022bb0 0000000000000178 T chdir
0000000000022d28 0000000000000018 T __libc_lock_acquire
0000000000022d40 0000000000000018 T __libc_lock_release
0000000000022d58 0000000000000018 T __libc_lock_init_recursive
0000000000022d70 0000000000000018 T __libc_lock_acquire_recursive
0000000000022d88 0000000000000018 T __libc_lock_release_recursive
0000000000022da0 0000000000000018 T __libc_lock_close_recursive
0000000000022db8 000000000000003c T __free_handle
0000000000022df8 0000000000000058 T __release_handle
0000000000022e50 0000000000000020 T __get_handle
0000000000022e70 0000000000000024 T __getreent
0000000000022e98 0000000000000150 t __extenddftf2
0000000000022fe8 0000000000000350 t __trunctfdf2
0000000000023338 0000000000000070 t __sfp_handle_exceptions
00000000000233a8 0000000000000100 T strrchr
00000000000234a8 T _fini
00000000000240a0 0000000000000060 r colorTable
0000000000024170 0000000000000014 r CSWTCH.39
000000000002423c R default_font_bin
000000000002623c R default_font_bin_end
000000000002623c R default_font_bin_size
0000000000026248 0000000000000018 r error_table
00000000000263e8 0000000000000022 r basefix.6415
0000000000026598 0000000000000010 r blanks.6393
00000000000265a8 0000000000000010 r zeroes.6394
00000000000265b8 0000000000000101 R _ctype_
0000000000026710 00000000000000bc r a1
00000000000267d0 00000000000000bc r a2
0000000000026890 000000000000005b r a3
00000000000268f0 0000000000000070 r a6
0000000000026960 00000000000000a2 r a7
0000000000026a08 0000000000000040 r a8
0000000000026a48 000000000000172a r b02cf
0000000000028178 0000000000001a7c r d02f4
0000000000029bf8 0000000000000028 R __mprec_bigtens
0000000000029c20 00000000000000c8 R __mprec_tens
0000000000029ce8 000000000000000c r p05.5161
0000000000029d28 0000000000000014 r fpi.5241
0000000000029d40 0000000000000014 r fpinan.5277
0000000000029d58 0000000000000028 r tinytens
0000000000029d80 000000000000006c R __action_table
0000000000029df0 0000000000000100 R __chclass
0000000000029ef0 000000000000006c R __state_table
000000000002a0a8 0000000000000010 r blanks.6378
000000000002a0b8 0000000000000010 r zeroes.6379
000000000002a0c8 0000000000000100 R __hexdig
000000000002a1d0 0000000000000003 R DIRECTORY_PARENT
000000000002a1d8 r __EH_FRAME_BEGIN__
000000000002a394 r __FRAME_END__
000000000002a398 a _DYNAMIC
000000000002d000 t __frame_dummy_init_array_entry
000000000002d000 T __init_array_start
000000000002d000 B __preinit_array_end
000000000002d000 B __preinit_array_start
000000000002d000 D __tdata_lma
000000000002d000 D __tdata_lma_end
000000000002d008 t __do_global_dtors_aux_fini_array_entry
000000000002d008 T __fini_array_start
000000000002d008 T __init_array_end
000000000002d010 T __fini_array_end
000000000002d010 T __got_start__
000000000002d010 a _GLOBAL_OFFSET_TABLE_
000000000002d278 D __got_end__
000000000002d278 0000000000000001 d firstConsoleInit.5866
000000000002d280 0000000000000008 D currentConsole
000000000002d288 0000000000000068 D defaultConsole
000000000002d2f0 00000000000000d0 d dotab_stdout
000000000002d3c0 0000000000000001 V __nx_applet_auto_notifyrunning
000000000002d3c4 0000000000000004 V __nx_applet_type
000000000002d3c8 0000000000000004 d g_gfxMode
000000000002d3d0 0000000000000054 d g_gfxQueueBufferData
000000000002d428 000000000000016c d g_gfx_BufferInitData
000000000002d594 0000000000000001 D g_gfx_drawflip
000000000002d598 0000000000000004 V __nx_time_type
000000000002d5a0 0000000000000401 d __cwd
000000000002d9a4 0000000000000004 d fsdev_fsdevice_cwd
000000000002d9a8 0000000000000004 d fsdev_fsdevice_default
000000000002d9b0 00000000000000d0 d fsdev_devoptab
000000000002da80 0000000000000004 d g_viServiceType
000000000002da84 0000000000000004 d g_nvServiceType
000000000002da88 0000000000000023 d g_bufferProducer_InterfaceDescriptor
000000000002dab0 0000000000000008 D _impure_ptr
000000000002dab8 0000000000000768 d impure_data
000000000002e220 00000000000001a8 D __global_locale
000000000002e3c8 0000000000000008 D __malloc_sbrk_base
000000000002e3d0 0000000000000008 D __malloc_trim_threshold
000000000002e3d8 0000000000000810 D __malloc_av_
000000000002ebe8 0000000000000004 d defaultDevice
000000000002ebf0 0000000000000080 D devoptab_list
000000000002ec70 00000000000000d0 D dotab_stdnull
000000000002ed40 0000000000000400 d _current_working_directory
000000000002f140 0000000000000010 d __stderr_handle
000000000002f150 0000000000000010 d __stdin_handle
000000000002f160 0000000000000010 d __stdout_handle
000000000002f170 0000000000002000 d handles
0000000000031170 D __bss_start__
0000000000031170 D __TMC_END__
0000000000031170 b completed.7822
0000000000031178 b object.7827
00000000000311a8 0000000000000008 V __nx_applet_PerformanceConfiguration
00000000000311b0 0000000000000018 b g_appletFirstHook
00000000000311c8 0000000000000001 b g_appletFocusState
00000000000311d0 000000000000000c b g_appletIAudioController
00000000000311e0 000000000000000c b g_appletICommonStateGetter
00000000000311f0 000000000000000c b g_appletIDebugFunctions
0000000000031200 000000000000000c b g_appletIDisplayController
0000000000031210 000000000000000c b g_appletIFunctions
0000000000031220 000000000000000c b g_appletILibraryAppletCreator
0000000000031230 000000000000000c b g_appletILibraryAppletSelfAccessor
0000000000031240 000000000000000c b g_appletIProcessWindingController
0000000000031250 000000000000000c b g_appletISelfController
0000000000031260 000000000000000c b g_appletIWindowController
000000000003126c 0000000000000004 b g_appletMessageEventHandle
0000000000031270 0000000000000001 b g_appletNotifiedRunning
0000000000031271 0000000000000001 b g_appletOperationMode
0000000000031274 0000000000000004 b g_appletPerformanceMode
0000000000031278 000000000000000c b g_appletProxySession
0000000000031288 0000000000000008 b g_appletResourceUserId
0000000000031290 000000000000000c b g_appletSrv
00000000000312a0 0000000000000008 b g_refCnt
00000000000312a8 0000000000000050 b g_controllerDown
00000000000312f8 00000000000001e0 b g_controllerEntries
00000000000314d8 0000000000000190 b g_controllerHeaders
0000000000031668 0000000000000050 b g_controllerHeld
00000000000316b8 0000000000000028 b g_controllerLayout
00000000000316e0 0000000000000050 b g_controllerOld
0000000000031730 0000000000000004 b g_controllerP1AutoID
0000000000031738 0000000000000050 b g_controllerTimestamps
0000000000031788 0000000000000050 b g_controllerUp
00000000000317d8 000000000000000c b g_hidIAppletResource
00000000000317e8 0000000000000020 b g_hidLock
0000000000031808 0000000000000020 b g_hidSharedmem
0000000000031828 000000000000000c b g_hidSrv
0000000000031838 0000000000000020 b g_keyboardDown
0000000000031858 0000000000000038 b g_keyboardEntry
0000000000031890 0000000000000020 b g_keyboardHeld
00000000000318b0 0000000000000008 b g_keyboardModDown
00000000000318b8 0000000000000008 b g_keyboardModHeld
00000000000318c0 0000000000000008 b g_keyboardModOld
00000000000318c8 0000000000000008 b g_keyboardModUp
00000000000318d0 0000000000000020 b g_keyboardOld
00000000000318f0 0000000000000008 b g_keyboardTimestamp
00000000000318f8 0000000000000020 b g_keyboardUp
0000000000031918 0000000000000008 b g_mouseDown
0000000000031920 0000000000000030 b g_mouseEntry
0000000000031950 0000000000000008 b g_mouseHeld
0000000000031958 0000000000000008 b g_mouseOld
0000000000031960 0000000000000008 b g_mouseTimestamp
0000000000031968 0000000000000008 b g_mouseUp
0000000000031970 0000000000000008 b g_refCnt
0000000000031978 0000000000000298 b g_touchEntry
0000000000031c10 0000000000000008 b g_touchTimestamp
0000000000031c18 0000000000000008 b g_refCnt
0000000000031c20 0000000000000004 b g_smHandle
0000000000031c28 0000000000000200 b g_smOverrides
0000000000031e28 0000000000000008 b g_smOverridesNum
0000000000031e30 000000000000000c b g_apmISession
0000000000031e40 000000000000000c b g_apmSrv
0000000000031e50 0000000000000008 b g_refCnt
0000000000031e58 0000000000000020 b g_gfxBinderSession
0000000000031e78 0000000000000004 b g_gfxCurrentBuffer
0000000000031e7c 0000000000000004 b g_gfxCurrentProducerBuffer
0000000000031e80 0000000000000050 b g_gfxDisplay
0000000000031ed0 0000000000000004 b g_gfxDisplayVsyncEvent
0000000000031ed8 0000000000000008 b g_gfxFramebuf
0000000000031ee0 0000000000000008 b g_gfxFramebufLinear
0000000000031ee8 0000000000000008 b g_gfxFramebufSize
0000000000031ef0 0000000000000001 b g_gfxInitialized
0000000000031ef8 0000000000000010 b g_gfxLayer
0000000000031f08 0000000000000100 b g_gfxNativeWindow
0000000000032008 0000000000000004 b g_gfxNativeWindow_ID
0000000000032010 0000000000000008 b g_gfxNativeWindow_Size
0000000000032018 0000000000000010 b g_gfx_Connect_QueueBufferOutput
0000000000032028 0000000000000024 b g_gfx_DequeueBuffer_fence
000000000003204c 0000000000000001 b g_gfx_ProducerConnected
0000000000032050 0000000000000002 b g_gfx_ProducerSlotsRequested
0000000000032058 0000000000000010 b g_gfx_QueueBuffer_QueueBufferOutput
0000000000032068 0000000000000018 b g_gfx_autoresolution_applethookcookie
0000000000032080 0000000000000004 b g_gfx_autoresolution_docked_height
0000000000032084 0000000000000004 b g_gfx_autoresolution_docked_width
0000000000032088 0000000000000001 b g_gfx_autoresolution_enabled
000000000003208c 0000000000000004 b g_gfx_autoresolution_handheld_height
0000000000032090 0000000000000004 b g_gfx_autoresolution_handheld_width
0000000000032098 0000000000000008 B g_gfx_framebuf_aligned_height
00000000000320a0 0000000000000008 B g_gfx_framebuf_aligned_width
00000000000320a8 0000000000000008 B g_gfx_framebuf_display_height
00000000000320b0 0000000000000008 B g_gfx_framebuf_display_width
00000000000320b8 0000000000000008 B g_gfx_framebuf_height
00000000000320c0 0000000000000008 B g_gfx_framebuf_width
00000000000320c8 0000000000000008 B g_gfx_singleframebuf_linear_size
00000000000320d0 0000000000000008 B g_gfx_singleframebuf_size
00000000000320d8 0000000000000001 b g_nvgfxInitialized
00000000000320dc 0000000000000004 b g_nvgfx_fd_nvhostasgpu
00000000000320e0 0000000000000004 b g_nvgfx_fd_nvhostctrl
00000000000320e4 0000000000000004 b g_nvgfx_fd_nvhostctrlgpu
00000000000320e8 0000000000000004 b g_nvgfx_fd_nvhostgpu
00000000000320ec 0000000000000004 b g_nvgfx_fd_nvmap
00000000000320f0 0000000000000008 b g_nvgfx_gpfifo_pos
00000000000320f8 00000000000000a0 b g_nvgfx_gpu_characteristics
0000000000032198 0000000000000008 b g_nvgfx_l2state
00000000000321a0 0000000000000008 b g_nvgfx_nvhost_fence
00000000000321a8 0000000000000008 b g_nvgfx_nvhost_userdata
00000000000321b0 0000000000000008 b g_nvgfx_nvhost_userdata_size
00000000000321b8 0000000000000008 b g_nvgfx_nvhostasgpu_allocspace_offset
00000000000321c0 0000000000000030 b g_nvgfx_nvhostasgpu_varegions
00000000000321f0 0000000000000004 b g_nvgfx_nvhostctrl_eventhandle
00000000000321f4 0000000000000004 b g_nvgfx_nvhostctrl_eventres
00000000000321f8 0000000000000004 b g_nvgfx_nvhostctrlgpu_event2
00000000000321fc 0000000000000004 b g_nvgfx_nvhostgpu_event3
0000000000032200 0000000000000004 B g_nvgfx_totalframebufs
0000000000032208 0000000000000018 b g_nvgfx_tpcmasks
0000000000032220 0000000000000004 b g_nvgfx_zcullctxsize
0000000000032228 0000000000000028 b g_nvgfx_zcullinfo
0000000000032250 0000000000000008 b nvmap_obj3_mapbuffer_x0_offset
0000000000032258 0000000000000008 b nvmap_obj4_mapbuffer_x0_offset
0000000000032260 0000000000000008 b nvmap_obj6_mapbuffer_xdb_offset
0000000000032268 00000000000001b0 b nvmap_objs
0000000000032418 0000000000000008 V __nx_heap_size
0000000000032420 0000000000000001 b g_isNso
0000000000032424 0000000000000004 b g_lastLoadResult
0000000000032428 0000000000000008 b g_loaderRetAddr
0000000000032430 0000000000000004 b g_mainThreadHandle
0000000000032438 0000000000000008 b g_nextLoadArgv
0000000000032440 0000000000000008 b g_nextLoadPath
0000000000032448 0000000000000008 b g_overrideArgv
0000000000032450 0000000000000008 b g_overrideHeapAddr
0000000000032458 0000000000000008 b g_overrideHeapSize
0000000000032460 0000000000000004 b g_processHandle
0000000000032468 0000000000000010 b g_syscallHints
0000000000032478 0000000000000008 b g_argv_empty
0000000000032480 0000000000000001 b g_HasCached
0000000000032481 0000000000000001 b g_IsAbove200
0000000000032482 0000000000000001 b g_IsAbove300
0000000000032483 0000000000000001 b g_IsAbove400
0000000000032484 0000000000000001 b g_IsAbove500
0000000000032488 0000000000000004 b g_Mutex
0000000000032490 0000000000000010 b g_AddressSpace
00000000000324a0 0000000000000008 b g_CurrentAddr
00000000000324a8 0000000000000030 b g_Region
00000000000324d8 0000000000000004 b g_VirtMemMutex
00000000000324e0 0000000000002100 b fsdev_fsdevices
00000000000345e0 0000000000000001 b fsdev_initialised
00000000000345e8 0000000000000008 b g_refCnt
00000000000345f0 000000000000000c b g_timeLocalSystemClock
0000000000034600 000000000000000c b g_timeNetworkSystemClock
0000000000034610 000000000000000c b g_timeSrv
0000000000034620 000000000000000c b g_timeTimeZoneService
0000000000034630 000000000000000c b g_timeUserSystemClock
0000000000034640 000000000000000c b g_viIApplicationDisplayService
0000000000034650 000000000000000c b g_viIHOSBinderDriverIndirect
0000000000034660 000000000000000c b g_viIHOSBinderDriverRelay
0000000000034670 000000000000000c b g_viIManagerDisplayService
0000000000034680 000000000000000c b g_viISystemDisplayService
0000000000034690 000000000000000c b g_viSrv
00000000000346a0 0000000000000008 b g_nvIpcBufferSize
00000000000346a8 000000000000000c b g_nvSrv
00000000000346b8 0000000000000028 b g_nvTransfermem
00000000000346e0 000000000000000c b g_fsSrv
00000000000346f0 0000000000000008 b g_refCnt
00000000000346f8 0000000000000008 b g_bufferProducerBinderSession
0000000000034700 0000000000000028 B __malloc_current_mallinfo
0000000000034728 0000000000000008 B __malloc_max_sbrked_mem
0000000000034730 0000000000000008 B __malloc_max_total_mem
0000000000034738 0000000000000008 B __malloc_top_pad
0000000000034740 000000000000000c b __malloc_recursive_mutex
0000000000034750 000000000000000c b __sfp_recursive_mutex
0000000000034760 000000000000000c b __sinit_recursive_mutex
0000000000034770 0000000000000008 b heap_start.5225
0000000000034778 0000000000000008 B fake_heap_end
0000000000034780 0000000000000008 B fake_heap_start
0000000000034788 0000000000000400 b temp_cwd
0000000000034b88 0000000000000088 B __syscalls
0000000000034c10 0000000000000004 b __hndl_lock
0000000000034c18 0000000000000068 B currentCopy
0000000000034c80 0000000000000008 B g_nvgfx_nvhostgpu_gpfifo_fence
0000000000034c88 0000000000000008 B __stack_top
0000000000034c90 0000000000000008 B __system_argv
0000000000034c98 0000000000000004 B __system_argc
0000000000034ca0 0000000000000004 B __nxlink_host
0000000000034ca8 B __tls_start
00000000000390b0 B __bss_end__
00000000000390b0 A __end__
00000000000390b0 B __tls_end
000000000003a000 A __argdata__
